{
  "0 debug pnpm:scope": {
    "selected": 1
  },
  "1 error pnpm": {
    "errno": 1,
    "code": "ELIFECYCLE",
    "pkgid": "caprover-one-click-apps@1.0.0",
    "stage": "build",
    "script": "rm -rf ./dist/ && mkdir -p dist && node ./scripts/build_one_click_apps.js && node ./scripts/build_one_click_apps_from_v4.js",
    "pkgname": "caprover-one-click-apps",
    "err": {
      "name": "pnpm",
      "message": "caprover-one-click-apps@1.0.0 build: `rm -rf ./dist/ && mkdir -p dist && node ./scripts/build_one_click_apps.js && node ./scripts/build_one_click_apps_from_v4.js`\nExit status 1",
      "code": "ELIFECYCLE",
      "stack": "pnpm: caprover-one-click-apps@1.0.0 build: `rm -rf ./dist/ && mkdir -p dist && node ./scripts/build_one_click_apps.js && node ./scripts/build_one_click_apps_from_v4.js`\nExit status 1\n    at EventEmitter.<anonymous> (/opt/homebrew/Cellar/node/17.4.0/pnpm-global/5/node_modules/.pnpm/pnpm@6.30.0/node_modules/pnpm/dist/pnpm.cjs:105659:20)\n    at EventEmitter.emit (node:events:520:28)\n    at ChildProcess.<anonymous> (/opt/homebrew/Cellar/node/17.4.0/pnpm-global/5/node_modules/.pnpm/pnpm@6.30.0/node_modules/pnpm/dist/pnpm.cjs:92207:18)\n    at ChildProcess.emit (node:events:520:28)\n    at maybeClose (node:internal/child_process:1090:16)\n    at Process.ChildProcess._handle.onexit (node:internal/child_process:302:5)"
    }
  },
  "2 warn pnpm:global": " Local package.json exists, but node_modules missing, did you mean to install?"
}